<?xml version="1.0" encoding="UTF-8"?>
<!-- Generated by org.testng.reporters.JUnitReportReporter -->
<testsuite hostname="LAPTOP-FSH78CGL" failures="0" tests="1" name="Computers.TC_DWS_020_Test" time="4.080" errors="0" timestamp="2025-08-04T11:22:01 IST" skipped="0">
  <testcase classname="Computers.TC_DWS_020_Test" name="clickOnComputers" time="4.080"/>
</testsuite> <!-- Computers.TC_DWS_020_Test -->
