<?xml version="1.0" encoding="UTF-8"?>
<!-- Generated by org.testng.reporters.JUnitReportReporter -->
<testsuite hostname="LAPTOP-FSH78CGL" failures="0" tests="1" name="Jewelry.TC_DWS_061_Test" time="4.772" errors="0" timestamp="2025-08-02T17:51:41 IST" skipped="0">
  <testcase classname="Jewelry.TC_DWS_061_Test" name="clickOnJewelry" time="4.772"/>
</testsuite> <!-- Jewelry.TC_DWS_061_Test -->
