<?xml version="1.0" encoding="UTF-8"?>
<!-- Generated by org.testng.reporters.JUnitReportReporter -->
<testsuite hostname="LAPTOP-FSH78CGL" failures="0" tests="1" name="Computers.TC_DWS_021_Test" time="4.427" errors="0" timestamp="2025-08-02T17:51:04 IST" skipped="0">
  <testcase classname="Computers.TC_DWS_021_Test" name="clickOnDestopInComputers" time="4.427"/>
</testsuite> <!-- Computers.TC_DWS_021_Test -->
