<?xml version="1.0" encoding="UTF-8"?>
<!-- Generated by org.testng.reporters.JUnitReportReporter -->
<testsuite hostname="LAPTOP-FSH78CGL" failures="0" tests="1" name="Electronics.TC_DWS_030_Test" time="4.507" errors="0" timestamp="2025-08-04T11:22:01 IST" skipped="0">
  <testcase classname="Electronics.TC_DWS_030_Test" name="clickOnElectronics" time="4.507"/>
</testsuite> <!-- Electronics.TC_DWS_030_Test -->
