<?xml version="1.0" encoding="UTF-8"?>
<!-- Generated by org.testng.reporters.JUnitReportReporter -->
<testsuite hostname="LAPTOP-FSH78CGL" failures="0" tests="1" name="Jewelry.TC_DWS_062_Test" time="8.497" errors="0" timestamp="2025-08-02T18:29:49 IST" skipped="0">
  <testcase classname="Jewelry.TC_DWS_062_Test" name="clickOnSortLowToHighInJewelry" time="8.497"/>
</testsuite> <!-- Jewelry.TC_DWS_062_Test -->
